  File "multi_combined_result_analyser.py", line 89
    def find_pairs2(ek1,ek2)
                           ^
SyntaxError: invalid syntax
number of sessions:   2749
[  1.92145746e-02   2.42068248e-06   6.95148603e-05   2.59757742e-02
   1.08624908e-01   2.59973891e+00   1.90385406e+01   8.33910876e+00
   4.08933089e-02   1.36770099e-02   1.51856853e+04]
 UPDATED!
Files/multi_combined_results_handson3_edits_comments.csv has been saved
number of sessions:   2749
[  1.96033118e-02   2.05026395e-03   5.65194694e-06   9.33368327e-04
   1.12308488e-01   7.96906574e+00   8.18606036e+00   9.43401577e+00
   4.09313195e-02   1.36976464e-02   1.51761890e+04]
 UPDATED!
Files/multi_combined_results_handson3_edits_comments.csv has been saved
number of sessions:   2749
[False, False, False]
 UPDATED!
Files/multi_combined_results_handson3_edits_comments.csv has been saved
number of sessions:   2749
[  2.00306716e-09   1.53239877e-08   1.05143419e-14   3.76727229e-02
   1.17744925e+01   4.20033754e+00   9.44711905e+00   7.45935405e-02
   4.58118893e-02   1.00087377e-02   1.47585451e+04]
 UPDATED!
Files/multi_combined_results_handson3_edits_comments.csv has been saved
number of sessions:   2749
[  1.95768453e-02   2.54019751e-08   8.55208713e-09   3.76638942e-02
   1.12512593e-01   4.36369602e+00   2.52212400e+00   7.45574917e-02
   4.09461184e-02   1.00072154e-02   1.48381805e+04]
 UPDATED!
Files/multi_combined_results_handson3_edits_comments.csv has been saved
number of sessions:   2749
[  4.05264671e-09   7.23634586e-09   3.27561682e-11   3.76850585e-02
   2.66518803e+01   1.18070537e-01   4.27727000e-02   7.45722633e-02
   4.58114273e-02   1.00069725e-02   1.47585527e+04]
 UPDATED!
Files/multi_combined_results_handson3_edits_comments.csv has been saved
number of sessions:   2749
[False, False, False]
 UPDATED!
Files/multi_combined_results_handson3_edits_comments.csv has been saved
number of sessions:   2749
[  3.54032595e-08   6.69539494e-01   3.92851997e-08   4.19773426e-02
   6.92350929e+00   1.95120504e+02   1.20480764e-01   8.40674421e-02
   4.58134744e-02   1.00275492e-02   1.47223828e+04]
 UPDATED!
Files/multi_combined_results_handson3_edits_comments.csv has been saved
number of sessions:   2749
[  1.95931092e-02   6.69643175e-11   3.34824399e-14   1.32483566e-10
   1.12564888e-01   3.42423883e+01   3.56431603e+02   5.36989470e+01
   4.09476769e-02   1.36981187e-02   1.51755424e+04]
 UPDATED!
Files/multi_combined_results_handson3_edits_comments.csv has been saved
number of sessions:   2749
[  5.79215978e-09   2.10109809e-09   4.71899196e-10   1.30543990e-09
   7.31518544e+01   2.30805257e+00   4.65275625e+00   6.05901073e+01
   4.58106951e-02   1.36983454e-02   1.50965733e+04]
 UPDATED!
Files/multi_combined_results_handson3_edits_comments.csv has been saved
number of sessions:   2749
[False, False, False]
 UPDATED!
Files/multi_combined_results_handson3_edits_comments.csv has been saved
number of sessions:   2749
[  1.19926970e-10   2.86364657e-08   2.64295307e-12   8.98620166e-11
   4.47913539e+00   2.66646963e+01   2.93823385e+00   4.65240496e+00
   4.58110527e-02   1.36977738e-02   1.50965900e+04]
 UPDATED!
Files/multi_combined_results_handson3_edits_comments.csv has been saved
number of sessions:   2749
[  3.05035374e-02   2.94653613e-03   4.38271424e-05   4.13834631e-02
   3.37773739e-01   7.44112897e-01   1.19810861e+00   8.57917795e-02
   4.27786663e-02   1.00611388e-02   1.47308399e+04]
 UPDATED!
Files/multi_combined_results_handson3_edits_comments.csv has been saved
number of sessions:   2749
[  3.15088677e-07   1.05227243e-01   3.61864747e-05   3.01921499e-02
   4.37943188e+00   5.37670599e+01   2.28800908e+00   5.05494629e-02
   4.57770413e-02   9.85781061e-03   1.48421109e+04]
 UPDATED!
Files/multi_combined_results_handson3_edits_comments.csv has been saved
number of sessions:   2749
[  3.77819993e-09   1.23407415e-08   4.25378698e-10   6.53470872e-06
   1.15099653e+01   9.83052269e-01   1.10771402e+01   9.70516770e-01
   4.58060367e-02   1.36984885e-02   1.50968963e+04]
 UPDATED!
Files/multi_combined_results_handson3_edits_comments.csv has been saved
number of sessions:   2749
[False, False, False]
 UPDATED!
Files/multi_combined_results_handson3_edits_comments.csv has been saved
number of sessions:   2749
[  1.95956011e-02   6.15593946e-10   4.18467512e-08   3.78348228e-07
   1.12545777e-01   2.16497764e+00   2.34772200e+01   3.60149529e+01
   4.09479679e-02   1.36959219e-02   1.51756054e+04]
 UPDATED!
Files/multi_combined_results_handson3_edits_comments.csv has been saved
number of sessions:   2749
[  3.37207740e-09   5.50662330e-10   1.42268533e-11   1.25603422e-09
   5.83110027e+03   2.82924100e+03   1.01483803e+02   6.80381242e+02
   4.58113587e-02   1.36981152e-02   1.50965429e+04]
 UPDATED!
Files/multi_combined_results_handson3_edits_comments.csv has been saved
number of sessions:   2749
[  3.84021123e-10   2.18567828e-10   1.25934477e-09   5.47192989e-09
   3.64987219e+01   1.50975597e+00   7.43532239e+00   5.68433568e+01
   4.58116234e-02   1.36980631e-02   1.50965278e+04]
 UPDATED!
Files/multi_combined_results_handson3_edits_comments.csv has been saved
number of sessions:   2749
[  1.73111741e-03   1.61471597e-06   5.29720893e-02   3.70997269e-02
   2.01510502e+01   3.52243933e-01   1.39527116e+02   7.26593873e-02
   4.58547904e-02   1.00001043e-02   1.47606927e+04]
 UPDATED!
Files/multi_combined_results_handson3_edits_comments.csv has been saved
[  3.54032595e-08   6.69539494e-01   3.92851997e-08   4.19773426e-02
   6.92350929e+00   1.95120504e+02   1.20480764e-01   8.40674421e-02
   4.58134744e-02   1.00275492e-02   1.47223828e+04]
Files/in_sess_multi_combined_handson3_edits_comments.csv has been saved
number of sessions:   1812
[  4.38286519e-01   1.89987194e+00   1.59452408e-06   3.01810727e-01
   9.31893316e-01   5.65876777e+00   2.52773848e+00   2.00923863e+01
   2.40427244e-01   1.47806525e-02   1.67762050e+04]
 UPDATED!
Files/multi_combined_results_demo_views_tools.csv has been saved
number of sessions:   1812
[  4.36271222e-01   8.15073761e-02   8.78693592e-07   1.47391016e-03
   9.23902632e-01   1.93164508e+00   1.27136159e+01   4.72222634e+00
   2.42563334e-01   1.47875534e-02   1.67803696e+04]
 UPDATED!
Files/multi_combined_results_demo_views_tools.csv has been saved
number of sessions:   1812
[  4.37288599e-01   1.63833523e+00   5.09131311e-05   2.83114299e-02
   9.28168503e-01   5.04231816e+00   1.80841372e+01   1.06672540e+00
   2.40275089e-01   1.45301607e-02   1.67702239e+04]
 UPDATED!
Files/multi_combined_results_demo_views_tools.csv has been saved
number of sessions:   1812
[  4.37687658e-01   2.10280468e+00   2.96713559e-10   1.35431000e-03
   9.30108768e-01   6.47055282e+00   6.72747465e-01   4.72894066e-06
   2.40526240e-01   1.44973551e-02   1.67880996e+04]
 UPDATED!
Files/multi_combined_results_demo_views_tools.csv has been saved
number of sessions:   1812
[False, False, False]
 UPDATED!
Files/multi_combined_results_demo_views_tools.csv has been saved
number of sessions:   1812
[  4.37585475e-01   1.90255405e-03   8.06250643e-09   5.26050158e-02
   9.30071967e-01   9.07321885e-02   7.76417312e-02   2.24062625e+00
   2.43674973e-01   1.46532277e-02   1.67719288e+04]
 UPDATED!
Files/multi_combined_results_demo_views_tools.csv has been saved
number of sessions:   1812
[False, False, False]
 UPDATED!
Files/multi_combined_results_demo_views_tools.csv has been saved
number of sessions:   1812
[  4.39728219e-01   2.47759914e+00   4.97440027e-08   1.06905035e-03
   9.33084374e-01   7.02502899e+00   5.00062592e-01   1.58067033e+00
   2.40444778e-01   1.47671383e-02   1.67779264e+04]
 UPDATED!
Files/multi_combined_results_demo_views_tools.csv has been saved
number of sessions:   1812
[False, False, False]
 UPDATED!
Files/multi_combined_results_demo_views_tools.csv has been saved
number of sessions:   1812
[  4.39136405e-01   6.85753990e-11   1.78037590e-09   2.43745300e-10
   9.30996523e-01   1.70353892e-01   7.70125381e+00   7.23111399e+01
   2.43642701e-01   1.47879695e-02   1.67618760e+04]
 UPDATED!
Files/multi_combined_results_demo_views_tools.csv has been saved
number of sessions:   1812
[False, False, False]
 UPDATED!
Files/multi_combined_results_demo_views_tools.csv has been saved
number of sessions:   1812
[False, False, False]
 UPDATED!
Files/multi_combined_results_demo_views_tools.csv has been saved
number of sessions:   1812
[  4.18896367e-01   1.31873287e-01   9.14578660e-06   3.82652197e-02
   8.71541914e-01   2.08345414e+00   9.94364926e-01   7.00840864e-01
   2.40941709e-01   1.43776864e-02   1.67598371e+04]
 UPDATED!
Files/multi_combined_results_demo_views_tools.csv has been saved
number of sessions:   1812
[False, False, False]
 UPDATED!
Files/multi_combined_results_demo_views_tools.csv has been saved
number of sessions:   1812
[  4.36785276e-01   2.05325180e+00   3.13550628e-09   9.69827919e-06
   9.28053565e-01   6.13057117e+00   5.61000095e+00   1.44854079e-02
   2.40412371e-01   1.47884664e-02   1.67781271e+04]
 UPDATED!
Files/multi_combined_results_demo_views_tools.csv has been saved
number of sessions:   1812
[False, False, False]
 UPDATED!
Files/multi_combined_results_demo_views_tools.csv has been saved
number of sessions:   1812
[  4.34879404e-01   1.72430849e+00   4.53882399e-06   6.10814950e-03
   9.21337899e-01   5.20448854e+00   2.78824967e+00   9.21109738e+00
   2.40122216e-01   1.47423390e-02   1.67715107e+04]
 UPDATED!
Files/multi_combined_results_demo_views_tools.csv has been saved
number of sessions:   1812
[  4.36246714e-01   1.97200557e+00   3.97273883e-10   4.57595187e-05
   9.26641058e-01   5.88734764e+00   2.58325690e+01   6.06973894e+00
   2.40358880e-01   1.47813796e-02   1.67771769e+04]
 UPDATED!
Files/multi_combined_results_demo_views_tools.csv has been saved
numbenumber of sessions:   1812
[  9.06882369e-02   1.00626197e-02   4.34576089e-02   3.61506391e-01
   2.75298880e-01   1.82018999e+00   8.38145717e-01   7.84237307e-01
   5.85238494e-02   2.30268004e-01   2.17350001e+04]
 UPDATED!
Files/multi_combined_results_demo_edits_comments.csv has been saved
number of sessions:   1812
[  1.92293648e-01   6.35223178e-03   4.15142375e+00   4.40149376e-01
   4.08097394e+00   2.55923372e+00   9.32313437e+00   9.58820983e-01
   6.98203678e-02   2.14928616e-01   2.19416298e+04]
 UPDATED!
Files/multi_combined_results_demo_edits_comments.csv has been saved
number of sessions:   1812
[False, False, False]
 UPDATED!
Files/multi_combined_results_demo_edits_comments.csv has been saved
number of sessions:   1812
[False, False, False]
 UPDATED!
Files/multi_combined_results_demo_edits_comments.csv has been saved
number of sessions:   1812
[  9.88587508e-02   1.86211523e-07   4.47274884e+00   4.35698342e-01
   3.00110888e-01   5.89905582e-01   1.04216547e+01   9.45270171e-01
   5.93714272e-02   2.15179130e-01   2.16352082e+04]
 UPDATED!
Files/multi_combined_results_demo_edits_comments.csv has been saved
number of sessions:   1812
[  9.87655253e-02   1.59541824e-12   1.00898999e-09   4.40527485e-01
   2.99490793e-01   1.34145194e-02   6.92523451e-02   9.05016407e-01
   5.93677307e-02   2.32532602e-01   2.14210505e+04]
 UPDATED!
Files/multi_combined_results_demo_edits_comments.csv has been saved
number of sessions:   1812
[False, False, False]
 UPDATED!
Files/multi_combined_results_demo_edits_comments.csv has been saved
number of sessions:   1812
[False, False, False]
 UPDATED!
Files/multi_combined_results_demo_edits_comments.csv has been saved
number of sessions:   1812
[False, False, False]
 UPDATED!
Files/multi_combined_results_demo_edits_comments.csv has been saved
number of sessions:   1812
[  7.43864662e-02   3.65460932e-05   1.30416767e+00   4.12057211e-01
   2.04572628e-01   1.55829587e-01   3.36512869e+00   8.77802010e-01
   5.85473544e-02   2.12453781e-01   2.12340434e+04]
 UPDATED!
Files/multi_combined_results_demo_edits_comments.csv has been saved
number of sessions:   1812
[  1.83933789e-02   4.83637119e-04   2.70407969e-03   4.31978237e-01
   1.85349272e-02   5.00326424e+01   4.29427803e-01   8.84279442e-01
   5.90441468e-02   2.31869862e-01   2.20951334e+04]
 UPDATED!
Files/multi_combined_results_demo_edits_comments.csv has been saved
number of sessions:   1812
[  9.86137914e-02   1.31266240e-08   4.48570724e+00   4.35212299e-01
   2.99647112e-01   4.25003692e+00   1.04392197e+01   9.43809841e-01
   5.93534036e-02   2.15238321e-01   2.16351810e+04]
 UPDATED!
Files/multi_combined_results_demo_edits_comments.csv has been saved
number of sessions:   1812
[False, False, False]
 UPDATED!
Files/multi_combined_results_demo_edits_comments.csv has been saved
number of sessions:   1812
[  1.04597477e-01   1.29382618e-02   1.31774194e+00   3.98287701e-01
   2.87806341e-01   7.78476316e+00   4.31606108e+00   8.81068979e-01
   5.81721054e-02   2.25393666e-01   2.10873562e+04]
 UPDATED!
Files/multi_combined_results_demo_edits_comments.csv has been saved
number of sessions:   1812
[  3.45013423e-02   2.98433702e-02   4.66755237e+00   1.49400650e-04
   6.03786622e+01   9.07119450e-01   1.03842630e+01   4.02078547e-01
   6.53192563e-02   3.20154101e-01   2.26158339e+04]
 UPDATED!
Files/multi_combined_results_demo_edits_comments.csv has been saved
number of sessions:   1812
[False, False, False]
 UPDATED!
Files/multi_combined_results_demo_edits_comments.csv has been saved
number of sessions:   1812
[  2.97217244e-01   2.89604558e-09   4.53931497e+00   4.34086075e-01
   9.22496450e+00   3.57250859e-03   1.04903805e+01   9.43470838e-01
   7.12707511e-02   2.15456600e-01   2.19976508e+04]
 UPDATED!
Files/multi_combined_results_demo_edits_comments.csv has been saved
number of sessions:   1812
[  1.21150671e-01   1.25364882e-01   7.54403666e-01   3.92253043e-01
   4.62987678e-01   2.03159382e+01   2.59145180e+00   7.77967744e-01
   6.01106735e-02   1.90297993e-01   2.17663429e+04]
 UPDATED!
Files/multi_combinenumber of sessions:   1812
[  3.93198446e-01   5.95248712e-02   4.03004081e-01   1.59093069e-01
   1.01444550e+00   8.37887403e-01   8.97357794e-01   9.51551441e+00
   2.51489368e-01   2.50950696e-01   2.94741985e+04]
 UPDATED!
Files/multi_combined_results_demo_views_comments.csv has been saved
number of sessions:   1812
[False, False, False]
 UPDATED!
Files/multi_combined_results_demo_views_comments.csv has been saved
number of sessions:   1812
[  3.55446524e-08   4.33378537e-01   4.40709263e-08   4.38283347e-01
   7.91126857e+00   9.39683364e-01   1.22681240e+01   9.48023463e-01
   2.51264544e-01   2.50853182e-01   2.89370749e+04]
 UPDATED!
Files/multi_combined_results_demo_views_comments.csv has been saved
number of sessions:   1812
[  4.38175827e-01   1.07265145e-08   4.33602275e-01   9.89265133e-10
   9.48356607e-01   6.13896285e+00   9.39948387e-01   1.45001198e-02
   2.50951658e-01   2.51179704e-01   2.89377570e+04]
 UPDATED!
Files/multi_combined_results_demo_views_comments.csv has been saved
number of sessions:   1812
[  4.38031351e-01   1.41948203e-07   9.83566028e-08   4.38024539e-01
   9.48037537e-01   5.67305779e+00   1.36939356e+01   9.47785310e-01
   2.50939975e-01   2.50863742e-01   2.89291288e+04]
 UPDATED!
Files/multi_combined_results_demo_views_comments.csv has been saved
number of sessions:   1812
[  4.38089165e-01   1.92016665e-09   5.78926172e-10   4.38130666e-01
   9.48202560e-01   6.07197813e-03   9.85520735e-02   9.48005243e-01
   2.50987541e-01   2.50911402e-01   2.89270687e+04]
 UPDATED!
Files/multi_combined_results_demo_views_comments.csv has been saved
number of sessions:   1812
[False, False, False]
 UPDATED!
Files/multi_combined_results_demo_views_comments.csv has been saved
number of sessions:   1812
[  3.57884147e-01   2.24396477e-02   4.15157746e-01   1.39523900e-03
   7.52257155e-01   7.91371650e+00   8.91105859e-01   2.60474499e-01
   2.48410746e-01   2.47904721e-01   2.90518468e+04]
 UPDATED!
Files/multi_combined_results_demo_views_comments.csv has been saved
number of sessions:   1812
[  9.36356097e-03   4.23764982e-01   8.46689162e-05   4.37923753e-01
   6.75581361e-01   9.45971669e-01   2.17396301e+01   9.47824390e-01
   2.51062542e-01   2.50845412e-01   2.90260224e+04]
 UPDATED!
Files/multi_combined_results_demo_views_comments.csv has been saved
number of sessions:   1812
[  4.38084862e-01   5.09781291e-13   4.33382844e-01   3.23718046e-08
   9.48186070e-01   5.69460576e-02   9.39406585e-01   2.61641155e+01
   2.50962465e-01   2.51194196e-01   2.89371590e+04]
 UPDATED!
Files/multi_combined_results_demo_views_comments.csv has been saved
number of sessions:   1812
[  5.47688967e-09   4.33517534e-01   3.04180860e-04   4.37923573e-01
   3.62272407e-02   9.40136244e-01   1.84772563e+00   9.47952123e-01
   2.51275833e-01   2.50858954e-01   2.89392772e+04]
 UPDATED!
Files/multi_combined_results_demo_views_comments.csv has been saved
number of sessions:   1812
[  4.38152065e-01   3.84555818e-08   2.27082392e-08   4.38058447e-01
   9.48166725e-01   7.47861874e+00   1.44619600e+01   9.47915127e-01
   2.50946653e-01   2.50872457e-01   2.89285287e+04]
 UPDATED!
Files/multi_combined_results_demo_views_comments.csv has been saved
number of sessions:   1812
[  4.38249911e-01   3.19254525e-10   4.33472661e-01   3.07143277e-08
   9.48339887e-01   9.67033027e-03   9.39686038e-01   8.11076373e+00
   2.50934106e-01   2.51157889e-01   2.89381807e+04]
 UPDATED!
Files/multi_combined_results_demo_views_comments.csv has been saved
number of sessions:   1812
[  1.28533064e-07   4.33478441e-01   2.63967257e-08   4.38202679e-01
   3.29015254e+00   9.39775240e-01   2.43651991e+00   9.48165673e-01
   2.51255391e-01   2.50914244e-01   2.89364813e+04]
 UPDATED!
Files/multi_combined_results_demo_views_comments.csv has been saved
number of sessions:   1812
[  1.78638965e-04   4.33971843e-01   4.33525099e-01   4.55171091e-05
   2.45260800e+00   9.41564408e-01   9.40334615e-01   7.04890954e-02
   2.51295598e-01   2.51166649e-01   2.89496096e+04]
 UPDATED!
Files/multi_combined_results_demo_views_comments.csv has been number of sessions:   1812
[  4.35186374e-01   3.56754372e+00   4.97980647e-02   1.63134016e+00
   9.44573200e-01   8.40933825e+00   5.21737105e+00   5.82576671e+01
   2.14685809e-01   7.01206466e-02   2.19077249e+04]
 UPDATED!
Files/multi_combined_results_demo_views_edits.csv has been saved
number of sessions:   1812
[False, False, False]
 UPDATED!
Files/multi_combined_results_demo_views_edits.csv has been saved
number of sessions:   1812
[False, False, False]
 UPDATED!
Files/multi_combined_results_demo_views_edits.csv has been saved
number of sessions:   1812
[False, False, False]
 UPDATED!
Files/multi_combined_results_demo_views_edits.csv has been saved
number of sessions:   1812
[  4.03609049e-01   1.45473308e+00   4.68307689e-04   1.26079916e-01
   8.34630560e-01   3.79701389e+00   3.95866472e-01   3.05151707e-01
   2.09004132e-01   5.47984107e-02   2.11115755e+04]
 UPDATED!
Files/multi_combined_results_demo_views_edits.csv has been saved
number of sessions:   1812
[False, False, False]
 UPDATED!
Files/multi_combined_results_demo_views_edits.csv has been saved
number of sessions:   1812
[False, False, False]
 UPDATED!
Files/multi_combined_results_demo_views_edits.csv has been saved
number of sessions:   1812
[  4.35490173e-01   4.52282525e+00   2.91263332e-02   2.20225764e-04
   9.45005501e-01   1.05206231e+01   8.89048450e-01   1.13587369e+00
   2.15343773e-01   6.53762079e-02   2.21262395e+04]
 UPDATED!
Files/multi_combined_results_demo_views_edits.csv has been saved
number of sessions:   1812
[  4.45908057e-01   5.39559466e+00   2.36604334e-03   1.09890495e-01
   9.76267987e-01   1.21059089e+01   9.87295767e+00   3.49388428e-01
   2.17173241e-01   5.98375717e-02   2.17129690e+04]
 UPDATED!
Files/multi_combined_results_demo_views_edits.csv has been saved
number of sessions:   1812
[False, False, False]
 UPDATED!
Files/multi_combined_results_demo_views_edits.csv has been saved
number of sessions:   1812
[False, False, False]
 UPDATED!
Files/multi_combined_results_demo_views_edits.csv has been saved
number of sessions:   1812
[False, False, False]
 UPDATED!
Files/multi_combined_results_demo_views_edits.csv has been saved
number of sessions:   1812
[False, False, False]
 UPDATED!
Files/multi_combined_results_demo_views_edits.csv has been saved
number of sessions:   1812
[False, False, False]
 UPDATED!
Files/multi_combined_results_demo_views_edits.csv has been saved
number of sessions:   1812
[  4.34928123e-01   4.53433864e+00   7.92329437e-05   6.05368384e-05
   9.43832541e-01   1.05200777e+01   3.37948165e+01   1.46931490e-01
   2.15337638e-01   7.28359692e-02   2.19584169e+04]
 UPDATED!
Files/multi_combined_results_demo_views_edits.csv has been saved
number of sessions:   1812
[False, False, False]
 UPDATED!
Files/multi_combined_results_demo_views_edits.csv has been saved
number of sessions:   1812
[  4.19453050e-01   3.79428050e-01   3.30856092e-03   7.38574198e-02
   9.01247539e-01   8.62503146e-01   3.45603963e+00   2.04640880e-01
   2.15305468e-01   5.75941037e-02   2.15555734e+04]
 UPDATED!
Files/multi_combined_results_demo_views_edits.csv has been saved
number of sessions:   1812
[False, False, False]
 UPDATED!
Files/multi_combined_results_demo_views_edits.csv has been saved
number of sessions:   1812
[False, False, False]
 UPDATED!
Files/multi_combined_results_demo_views_edits.csv has been saved
number of sessions:   1812
[  2.53863277e-03   6.50270172e-12   1.45755432e-09   9.86214431e-02
   6.16918427e+01   4.10966214e-03   8.61055633e+00   2.99136434e-01
   3.44130247e-01   5.93582960e-02   2.19510640e+04]
 UPDATED!
Files/multi_combined_results_demo_views_edits.csv has been saved
[  4.03609049e-01   1.45473308e+00   4.68307689e-04   1.26079916e-01
   8.34630560e-01   3.79701389e+00   3.95866472e-01   3.05151707e-01
   2.09004132e-01   5.47984107e-02   2.11115755e+04]
Files/in_sess_multi_combined_demo_views_edits.csv has been saved
number of sessions:   2770
[False, False, False]
 UPDATED!
Files/multi_combined_results_handson2_views_edits.csv has been saved
number of sessions:   2770
[  3.59887151e-01   3.number of sessions:   2749
[  3.06801377e-01   2.16058315e+00   1.68368921e-04   3.92835837e-02
   8.07592961e-01   3.25022322e+00   1.08094168e+01   2.47641149e-01
   2.01336443e-01   3.25385653e-03   4.52342868e+04]
 UPDATED!
Files/multi_combined_results_handson3_views_tools.csv has been saved
number of sessions:   2749
[  3.04659052e-01   2.74322389e-03   1.91966004e-06   4.42645208e-02
   7.96628987e-01   1.38688979e+00   4.13888904e+01   3.12099502e+01
   2.02588985e-01   3.52164516e-03   4.53316923e+04]
 UPDATED!
Files/multi_combined_results_handson3_views_tools.csv has been saved
number of sessions:   2749
[  3.05896867e-01   2.90005967e+00   2.52900774e-08   3.21093295e-02
   8.02632313e-01   6.46171849e+00   4.11174486e-01   4.69910890e+00
   2.01609257e-01   3.50580124e-03   4.53415549e+04]
 UPDATED!
Files/multi_combined_results_handson3_views_tools.csv has been saved
number of sessions:   2749
[False, False, False]
 UPDATED!
Files/multi_combined_results_handson3_views_tools.csv has been saved
number of sessions:   2749
[  3.06179658e-01   2.78902722e+00   1.15967341e-08   2.55005388e-02
   8.04101682e-01   6.45309909e+00   4.61048178e-01   7.28814442e-01
   2.01741424e-01   3.36025576e-03   4.53164142e+04]
 UPDATED!
Files/multi_combined_results_handson3_views_tools.csv has been saved
number of sessions:   2749
[  3.05288873e-01   2.07867987e+00   6.85136264e-10   1.62735422e+01
   8.00499310e-01   4.58622515e+00   1.18437346e+01   6.86312638e+03
   2.01459586e-01   3.52187833e-03   4.53185479e+04]
 UPDATED!
Files/multi_combined_results_handson3_views_tools.csv has been saved
number of sessions:   2749
[False, False, False]
 UPDATED!
Files/multi_combined_results_handson3_views_tools.csv has been saved
number of sessions:   2749
[  3.06183837e-01   2.06493874e+00   1.60356215e-09   7.22590785e-03
   8.03454103e-01   4.63986143e+00   1.38181493e+00   8.40065873e-02
   2.01529045e-01   3.28001124e-03   4.52984180e+04]
 UPDATED!
Files/multi_combined_results_handson3_views_tools.csv has been saved
number of sessions:   2749
[  3.06080824e-01   3.24207794e-04   2.35347487e-06   5.88607611e-02
   8.02048411e-01   5.37055693e+01   7.15037832e+00   1.84437440e+00
   2.02775240e-01   3.43152077e-03   4.53267599e+04]
 UPDATED!
Files/multi_combined_results_handson3_views_tools.csv has been saved
number of sessions:   2749
[  3.05322904e-01   9.57068045e-03   3.24564369e-09   2.77643829e-04
   7.99669377e-01   7.41805405e-02   2.85108392e+00   1.68429533e+01
   2.02448642e-01   3.52130818e-03   4.53525307e+04]
 UPDATED!
Files/multi_combined_results_handson3_views_tools.csv has been saved
number of sessions:   2749
[  9.01716986e-03   4.04081903e+00   1.57151056e-04   1.01419986e-02
   3.33810486e-02   9.08231956e+00   2.44257978e-01   4.91329096e-02
   2.57088734e-01   3.13730525e-03   4.78967379e+04]
 UPDATED!
Files/multi_combined_results_handson3_views_tools.csv has been saved
number of sessions:   2749
[  3.05263566e-01   1.16782699e-10   1.83893163e-12   4.48631401e-12
   7.98997985e-01   2.13112814e+03   5.71044303e+03   7.76151214e+00
   2.02663592e-01   3.52180912e-03   4.53329489e+04]
 UPDATED!
Files/multi_combined_results_handson3_views_tools.csv has been saved
number of sessions:   2749
[  3.03804133e-01   1.50682801e-05   9.11328284e-07   3.52326686e-02
   7.93697304e-01   4.22874548e-01   8.37758018e-01   6.32746336e-01
   2.02604164e-01   3.36366198e-03   4.52878734e+04]
 UPDATED!
Files/multi_combined_results_handson3_views_tools.csv has been saved
number of sessions:   2749
[  3.05595279e-01   4.14677676e-09   5.61004979e-07   2.26831581e-02
   7.99644931e-01   1.50671087e-03   1.11693652e+02   2.66390634e-01
   2.02637771e-01   3.29863398e-03   4.52742800e+04]
 UPDATED!
Files/multi_combined_results_handson3_views_tools.csv has been saved
number of sessions:   2749
[  3.04521007e-01   1.33678903e+00   4.99034461e-09   1.40680609e-05
   7.96704690e-01   3.08737193e+00   5.44451070e+01   5.73596857e-01
   2.01212819e-01   3.52407006e-03   4.52969407e+04]
 UPDATED!
Files/multi_combined_results_handson3_views_toold_results_demo_edits_comments.csv has been saved
number of sessions:   1812
[  8.30746676e-02   1.05554797e-03   4.98803199e+00   4.38349460e-01
   2.60501987e-01   1.89727530e+00   1.19934378e+01   9.54418249e-01
   5.94957621e-02   2.16617536e-01   2.17739556e+04]
 UPDATED!
Files/multi_combined_results_demo_edits_comments.csv has been saved
number of sessions:   1812
[False, False, False]
 UPDATED!
Files/multi_combined_results_demo_edits_comments.csv has been saved
[  1.04597477e-01   1.29382618e-02   1.31774194e+00   3.98287701e-01
   2.87806341e-01   7.78476316e+00   4.31606108e+00   8.81068979e-01
   5.81721054e-02   2.25393666e-01   2.10873562e+04]
Files/in_sess_multi_combined_demo_edits_comments.csv has been saved
number of sessions:   2770
[  1.02834166e-02   3.50850665e-10   4.59468230e-11   6.92454287e-10
   1.67671394e-01   4.75233855e+01   1.59963224e+01   2.48309064e+01
   6.12185714e-02   6.26502842e-03   1.82445458e+04]
 UPDATED!
Files/multi_combined_results_handson2_edits_comments.csv has been saved
number of sessions:   2770
[  1.03452108e-02   1.74042978e-02   1.45233107e-09   3.29193931e-03
   1.69784518e-01   1.24153874e+02   1.07307038e-01   1.04968948e+01
   6.12276335e-02   6.26438123e-03   1.82437963e+04]
 UPDATED!
Files/multi_combined_results_handson2_edits_comments.csv has been saved
number of sessions:   2770
[  1.50168343e-05   7.11756514e-08   3.88475339e-04   4.07478458e-02
   2.11088710e+00   6.40512095e-04   4.44788903e-01   6.91064751e-02
   6.36981344e-02   4.31389276e-03   1.77979182e+04]
 UPDATED!
Files/multi_combined_results_handson2_edits_comments.csv has been saved
number of sessions:   2770
[  4.01534649e-05   2.21333903e-01   8.69493815e-04   9.04180259e-03
   1.45696808e+00   8.32847702e+00   1.78615526e+01   1.11952082e-02
   6.36742247e-02   4.55362994e-03   1.80624275e+04]
 UPDATED!
Files/multi_combined_results_handson2_edits_comments.csv has been saved
number of sessions:   2770
[  1.38434536e-03   6.13203159e-02   1.23324998e-04   4.45513885e-02
   1.89267064e+01   1.56184913e+01   1.08713057e+01   7.65448652e-02
   6.36866991e-02   4.33341462e-03   1.77823242e+04]
 UPDATED!
Files/multi_combined_results_handson2_edits_comments.csv has been saved
number of sessions:   2770
[  6.91379034e-03   1.02998021e-02   5.39605584e-03   4.03123699e-02
   2.17753554e+01   7.98721544e+00   7.66134392e+01   6.87743193e-02
   6.36955625e-02   4.32874934e-03   1.77990267e+04]
 UPDATED!
Files/multi_combined_results_handson2_edits_comments.csv has been saved
number of sessions:   2770
[  1.55347788e-04   6.22993669e-01   4.84914264e-09   4.13613535e-02
   2.32221948e+01   5.36437681e+01   8.13737753e-02   7.09512065e-02
   6.36617206e-02   4.31757164e-03   1.77982751e+04]
 UPDATED!
Files/multi_combined_results_handson2_edits_comments.csv has been saved
number of sessions:   2770
[False, False, False]
 UPDATED!
Files/multi_combined_results_handson2_edits_comments.csv has been saved
number of sessions:   2770
[  1.02817637e-02   2.13369329e-11   1.39164946e-09   1.67604632e-09
   1.67632724e-01   1.11553786e+00   1.55599407e+01   4.91789306e+01
   6.12179778e-02   6.26475911e-03   1.82446250e+04]
 UPDATED!
Files/multi_combined_results_handson2_edits_comments.csv has been saved
number of sessions:   2770
[  9.93180705e-07   8.28635990e-03   1.43857415e-08   4.15293558e-02
   3.77488888e+01   1.00703734e+02   5.34841859e+01   7.11326706e-02
   6.36902178e-02   4.32775671e-03   1.77944250e+04]
 UPDATED!
Files/multi_combined_results_handson2_edits_comments.csv has been saved
number of sessions:   2770
[False, False, False]
 UPDATED!
Files/multi_combined_results_handson2_edits_comments.csv has been saved
number of sessions:   2770
[  1.25981458e-02   6.07541152e-02   4.49852155e-03   3.77077193e-02
   2.10793360e-01   9.32432951e+00   4.24018345e+00   6.72468152e-02
   6.12359671e-02   4.33315584e-03   1.79435167e+04]
 UPDATED!
Files/multi_combined_results_handson2_edits_comments.csv has been saved
number of sessions:   2770
[  3.84210102e-09   4.33955817e-10   2.38989231e-10   4.15219913e-02
   3.70385996e+00   4.10542953e-01   2.09716441e-01   7.11355266e-02
   6.36952711e-02   4.32749397e-03   1.77940697e+04]
 UPDATED!
Files/multi_combined_results_handson2_edits_comments.csv has been saved
number of sessions:   2770
[  4.36145518e-04   1.41661033e+00   1.01532257e-06   2.47983409e-02
   1.87870009e+00   1.15640953e+02   2.26367949e-02   4.13822845e-02
   6.37167859e-02   4.33893823e-03   1.78857325e+04]
 UPDATED!
Files/multi_combined_results_handson2_edits_comments.csv has been saved
number of sessions:   2770
[False, False, False]
 UPDATED!
Files/multi_combined_results_handson2_edits_comments.csv has been saved
number of sessions:   2770
[  1.08039378e-02   7.98436880e-04   3.22059478e-03   4.15457375e-02
   1.73348690e-01   5.21687711e+00   7.00848594e+00   7.12003088e-02
   6.10562543e-02   4.32802856e-03   1.79485631e+04]
 UPDATED!
Files/multi_combined_results_handson2_edits_comments.csv has been saved
number of sessions:   2770
[  3.01870382e-09   2.50020646e-08   1.23596217e-09   4.15210128e-02
   8.60446188e+00   9.48815469e+00   2.74980795e-01   7.11397455e-02
   6.36872049e-02   4.32752001e-03   1.77947263e+04]
 UPDATED!
Files/multi_combined_results_handson2_edits_comments.csv has been saved
number of sessions:   2770
[  2.57289472e-06   1.26252363e-02   3.41572017e-07   4.65232169e-02
   3.45569376e+01   1.23515530e+01   1.23732432e+00   8.64745080e-02
   6.36796683e-02   4.36439584e-03   1.77747294e+04]
 UPDATED!
Files/multi_combined_results_handson2_edits_comments.csv has been saved
number of sessions:   2770
[  2.85161005e-05   1.56212225e-08   3.56976535e-02   1.82538637e-02
   7.19617026e+00   6.23087137e-02   3.32846116e+01   1.09958775e-02
   6.36951910e-02   4.24933483e-03   1.79521199e+04]
 UPDATED!
Files/multi_combined_results_handson2_edits_comments.csv has been saved
number of sessions:   2770
[  1.06522666e-11   1.19517776e-10   7.09095230e-11   6.33353110e-09
   8.20539755e+01   1.02401881e+00   3.40537852e+00   4.18732678e+01
   6.36908536e-02   6.26488470e-03   1.80995880e+04]
 UPDATED!
Files/multi_combined_results_handson2_edits_comments.csv has been saved
[  2.57289472e-06   1.26252363e-02   3.41572017e-07   4.65232169e-02
   3.45569376e+01   1.23515530e+01   1.23732432e+00   8.64745080e-02
   6.36796683e-02   4.36439584e-03   1.77747294e+04]
Files/in_sess_multi_combined_handson2_edits_comments.csv has been saved
s.csv has been saved
number of sessions:   2749
[  3.05307049e-01   5.15201973e-01   5.63132815e-09   2.31838702e-06
   7.99042142e-01   4.96696433e+02   1.57859413e+01   2.12661137e+02
   2.02655782e-01   3.52165661e-03   4.53327530e+04]
 UPDATED!
Files/multi_combined_results_handson3_views_tools.csv has been saved
number of sessions:   2749
[  3.07177530e-01   3.07545844e+00   5.93832182e-08   2.02857328e+00
   8.07810916e-01   6.64550055e+00   5.64941162e-01   1.93584144e+01
   2.01709092e-01   3.55545343e-03   4.53484790e+04]
 UPDATED!
Files/multi_combined_results_handson3_views_tools.csv has been saved
number of sessions:   2749
[False, False, False]
 UPDATED!
Files/multi_combined_results_handson3_views_tools.csv has been saved
number of sessions:   2749
[False, False, False]
 UPDATED!
Files/multi_combined_results_handson3_views_tools.csv has been saved
number of sessions:   2749
[  3.07499150e-01   1.24124542e-05   4.47090356e-02   1.59595723e-02
   8.03628867e-01   2.35178383e-02   2.63990199e+03   1.50636223e-01
   2.02535136e-01   3.27725712e-03   4.52727238e+04]
 UPDATED!
Files/multi_combined_results_handson3_views_tools.csv has been saved
[  3.06801377e-01   2.16058315e+00   1.68368921e-04   3.92835837e-02
   8.07592961e-01   3.25022322e+00   1.08094168e+01   2.47641149e-01
   2.01336443e-01   3.25385653e-03   4.52342868e+04]
Files/in_sess_multi_combined_handson3_views_tools.csv has been saved
number of sessions:   2749
[  3.06804656e-01   1.07660685e+00   1.34437941e-05   7.25993736e-02
   8.13706786e-01   2.53875438e+00   3.21490416e+00   1.96092858e+01
   2.00626461e-01   9.53988290e-03   4.80121685e+04]
 UPDATED!
Files/multi_combined_results_handson3_views_comments.csv has been saved
number of sessions:   2749
[False, False, False]
 UPDATED!
Files/multi_combined_results_handson3_views_comments.csv has been saved
number of sessions:   2749
[  3.08422928e-01   2.04773316e+00   4.73855766e-05   1.01116975e-01
   8.19872428e-01   3.83168364e+00   2.72350631e+00   7.11122695e+00
   2.00744626e-01   9.54135588e-03   4.81286501e+04]
 UPDATED!
Files/multi_combined_results_handson3_views_comments.csv has been saved
number of sessions:   2749
[  3.04891044e-01   6.92220792e-01   4.90693139e-06   1.35599542e-02
   8.09911393e-01   1.62848513e+00   3.89218331e+00   3.17387237e-03
   2.00379637e-01   6.54820191e-03   4.78968487e+04]
 UPDATED!
Files/multi_combined_results_handson3_views_comments.csv has been saved
number of sessions:   2749
[False, False, False]
 UPDATED!
Files/multi_combined_results_handson3_views_comments.csv has been saved
number of sessions:   2749
[  3.05481431e-01   6.71134049e-06   4.41904018e-03   1.25456367e-01
   7.99687685e-01   1.10283457e-03   2.38166629e-01   3.38015531e+01
   2.02703730e-01   5.79781898e-03   4.80154590e+04]
 UPDATED!
Files/multi_combined_results_handson3_views_comments.csv has been saved
number of sessions:   2749
[False, False, False]
 UPDATED!
Files/multi_combined_results_handson3_views_comments.csv has been saved
number of sessions:   2749
[  3.17774804e-01   1.50568124e+00   7.90057719e-05   1.52531848e-02
   8.57443358e-01   5.93708016e+00   1.10685682e+01   1.57345668e-02
   2.02814303e-01   6.64338992e-03   4.80473144e+04]
 UPDATED!
Files/multi_combined_results_handson3_views_comments.csv has been saved
number of sessions:   2749
[False, False, False]
 UPDATED!
Files/multi_combined_results_handson3_views_comments.csv has been saved
number of sessions:   2749
[False, False, False]
 UPDATED!
Files/multi_combined_results_handson3_views_comments.csv has been saved
number of sessions:   2749
[False, False, False]
 UPDATED!
Files/multi_combined_results_handson3_views_comments.csv has been saved
number of sessions:   2749
[False, False, False]
 UPDATED!
Files/multi_combined_results_handson3_views_comments.csv has been saved
number of sessions:   2749
[  3.00888021e-01   3.93820858e-01   1.33862267e-04   3.29644586e-02
   7.87735971e-01   1.45174288e+00   1.17506637e+00   4.78686450e-02
   2.00113009e-01   6.46166006e-03   4.75960051e+04]
 UPDATED!
Files/multi_combined_results_handson3_views_comments.csv has been saved
number of sessions:   2749
[  3.07969979e-01   3.71930729e+00   1.03417080e-04   1.69998148e-01
   8.21235313e-01   9.57211176e+00   1.72310952e+01   9.11940418e-01
   2.02888606e-01   8.44100899e-03   4.78862896e+04]
 UPDATED!
Files/multi_combined_results_handson3_views_comments.csv has been saved
number of sessions:   2749
[  3.06984623e-01   9.03065398e-01   1.22441960e-05   2.16930614e-05
   8.15801104e-01   1.98808824e+00   1.64810259e+01   3.46804057e-02
   2.00524835e-01   9.51957971e-03   4.79741760e+04]
 UPDATED!
Files/multi_combined_results_handson3_views_comments.csv has been saved
number of sessions:   2749
[  3.04975215e-01   1.09156066e+01   1.09134228e-06   3.65790560e-02
   7.93995930e-01   1.74367437e+01   2.97411842e+00   5.63883397e-02
   1.98796716e-01   6.53278059e-03   4.79314153e+04]
 UPDATED!
Files/multi_combined_results_handson3_views_comments.csv has been saved
number of sessions:   2749
[False, False, False]
 UPDATED!
Files/multi_combined_results_handson3_views_comments.csv has been saved
number of sessions:   2749
[  3.06550005e-01   8.52361337e-01   1.60223604e-08   2.47276990e-07
   8.14680059e-01   1.83620700e+00   1.19723760e+01   2.19025788e+01
   2.00492860e-01   9.53185154e-03   4.79585600e+04]
 UPDATED!
Files/multi_combined_results_handson3_views_comments.csv has been saved
number of sessions:   2749
[  3.00188199e-01   1.66150060e+00   1.79910498e-08   4.31341873e-02
   7.93149419e-01   3.37359381e+00   1.19304686e-02   6.97629033e-02
   1.98536953e-01   6.57139902e-03   4.77112660e+04]
 UPDATED!
Files/multi_combined_results_handson3_views_comments.csv has been saved
number of sessions:   2749
[False, False, False]
 UPDATED!
Files/multi_combined_results_handson3_views_comments.csv has been saved
[  3.05195117e-01   1.56939739e-05   2.62396431e-10   3.61354300e-02
   7.99147779e-01   6.50647900e-01   1.10341309e-02   5.55202593e-02
   2.02742745e-01   6.51864529e-03   4.75319966e+04]
Files/in_sess_multi_combined_handson3_views_comments.csv has been saved
number of sessions:   2749
[  3.09608067e-01   2.64046395e+00   4.30017522e-06   1.95254179e-02
   8.10057305e-01   5.07028614e+00   6.31887082e+01   4.71261627e+01
   1.88700336e-01   3.18595664e-02   5.49783181e+04]
 UPDATED!
Files/multi_combined_results_handson3_views_edits.csv has been saved
number of sessions:   2749
[False, False, False]
 UPDATED!
Files/multi_combined_results_handson3_views_edits.csv has been saved
number of sessions:   2749
[  2.99431074e-01   2.65169993e+00   7.29354760e-07   6.49078262e-02
   7.71562786e-01   5.07921222e+00   2.71357869e+01   5.78870847e-01
   1.87656752e-01   2.91528544e-02   5.47213055e+04]
 UPDATED!
Files/multi_combined_results_handson3_views_edits.csv has been saved
number of sessions:   2749
[  3.05353809e-01   2.57810633e+00   3.88358262e-09   7.69014597e-03
   7.97721888e-01   4.98185991e+00   3.42139148e-03   5.52843274e-04
   1.88173357e-01   2.56067219e-02   5.55409074e+04]
 UPDATED!
Files/multi_combined_results_handson3_views_edits.csv has been saved
number of sessions:   2749
[False, False, False]
 UPDATED!
Files/multi_combined_results_handson3_views_edits.csv has been saved
number of sessions:   2749
[  3.05107395e-01   7.99360136e-06   1.50511216e-09   1.22362044e-03
   7.97800824e-01   1.30354211e-02   1.01395560e-02   9.54314540e+00
   2.02539893e-01   3.18642168e-02   5.50902039e+04]
 UPDATED!
Files/multi_combined_results_handson3_views_edits.csv has been saved
number of sessions:   2749
[False, False, False]
 UPDATED!
Files/multi_combined_results_handson3_views_edits.csv has been saved
number of sessions:   2749
[  3.10731124e-01   2.63674775e+00   3.81280717e-08   9.34223710e-03
   8.12873615e-01   4.94861025e+00   1.23808919e-02   1.03507135e+00
   1.88650572e-01   3.15795139e-02   5.49599342e+04]
 UPDATED!
Files/multi_combined_results_handson3_views_edits.csv has been saved
number of sessions:   2749
[False, False, False]
 UPDATED!
Files/multi_combined_results_handson3_views_edits.csv has been saved
number of sessions:   2749
[False, False, False]
 UPDATED!
Files/multi_combined_results_handson3_views_edits.csv has been saved
number of sessions:   2749
[False, False, False]
 UPDATED!
Files/multi_combined_results_handson3_views_edits.csv has been saved
number of sessions:   2749
[False, False, False]
 UPDATED!
Files/multi_combined_results_handson3_views_edits.csv has been saved
number of sessions:   2749
[False, False, False]
 UPDATED!
Files/multi_combined_results_handson3_views_edits.csv has been saved
number of sessions:   2749
[False, False, False]
 UPDATED!
Files/multi_combined_results_handson3_views_edits.csv has been saved
number of sessions:   2749
[False, False, False]
 UPDATED!
Files/multi_combined_results_handson3_views_edits.csv has been saved
number of sessions:   2749
[False, False, False]
 UPDATED!
Files/multi_combined_results_handson3_views_edits.csv has been saved
number of sessions:   2749
[False, False, False]
 UPDATED!
Files/multi_combined_results_handson3_views_edits.csv has been saved
number of sessions:   2749
[False, False, False]
 UPDATED!
Files/multi_combined_results_handson3_views_edits.csv has been saved
number of sessions:   2749
[  3.05281943e-01   2.45127545e-10   4.97413594e-09   1.75304823e-08
   7.99053408e-01   2.75359012e-04   7.65208993e-02   5.68004126e+00
   2.02653719e-01   3.18648809e-02   5.50894857e+04]
 UPDATED!
Files/multi_combined_results_handson3_views_edits.csv has been saved
number of sessions:   2749
[  1.79980367e-03   4.75103681e-03   4.44854745e-04   2.60609588e-02
   3.72597756e+00   2.24448677e-02   2.70173544e+01   5.99205466e-02
   2.84979090e-01   2.54280543e-02   5.52469133e+04]
 UPDATED!
Files/multi_combined_results_handson3_views_edits.csv has been saved
[  2.99431074e-01   2.65169993e+00   7.29354760e-07   6.49078262e-02
   7.71562786e-01   5.07921222e+00   2.71357869e+01   5.78870847e-01
   1.87656752e-01   2.91528544e-02   5.47213055e+04]
Files/in_sess_multi_combined_handson3_views_edits.csv has been saved
r of sessions:   1812
[False, False, False]
 UPDATED!
Files/multi_combined_results_demo_views_tools.csv has been saved
number of sessions:   1812
[  3.18060138e-05   2.41991079e-09   4.82141182e-08   4.40707056e-08
   6.30672544e+00   1.40654277e-03   9.77503646e+00   2.34655244e+01
   3.55648648e-01   1.47877678e-02   1.71479205e+04]
 UPDATED!
Files/multi_combined_results_demo_views_tools.csv has been saved
[  4.18896367e-01   1.31873287e-01   9.14578660e-06   3.82652197e-02
   8.71541914e-01   2.08345414e+00   9.94364926e-01   7.00840864e-01
   2.40941709e-01   1.43776864e-02   1.67598371e+04]
Files/in_sess_multi_combined_demo_views_tools.csv has been saved
number of sessions:   2770
[False, False, False]
 UPDATED!
Files/multi_combined_results_handson2_views_tools.csv has been saved
number of sessions:   2770
[False, False, False]
 UPDATED!
Files/multi_combined_results_handson2_views_tools.csv has been saved
number of sessions:   2770
[  3.55253069e-01   4.08116873e-08   2.09249288e-10   3.32527866e-08
   8.85203932e-01   3.06777263e-02   8.77344244e-02   9.82609864e-01
   2.02938831e-01   5.81787740e-03   4.65865735e+04]
 UPDATED!
Files/multi_combined_results_handson2_views_tools.csv has been saved
number of sessions:   2770
[False, False, False]
 UPDATED!
Files/multi_combined_results_handson2_views_tools.csv has been saved
number of sessions:   2770
[  3.55388476e-01   4.23474648e+00   1.78096738e-06   1.05763995e-03
   8.85046664e-01   1.19412410e+01   8.12890991e+00   3.07418760e+00
   2.01300047e-01   5.81723283e-03   4.65971593e+04]
 UPDATED!
Files/multi_combined_results_handson2_views_tools.csv has been saved
number of sessions:   2770
[False, False, False]
 UPDATED!
Files/multi_combined_results_handson2_views_tools.csv has been saved
number of sessions:   2770
[False, False, False]
 UPDATED!
Files/multi_combined_results_handson2_views_tools.csv has been saved
number of sessions:   2770
[False, False, False]
 UPDATED!
Files/multi_combined_results_handson2_views_tools.csv has been saved
number of sessions:   2770
[  3.52341257e-01   4.94190352e+00   4.50332691e-07   4.01410936e-02
   8.74757617e-01   1.67733220e+01   1.16494362e+01   7.84090083e+01
   2.01204231e-01   5.81395223e-03   4.66431921e+04]
 UPDATED!
Files/multi_combined_results_handson2_views_tools.csv has been saved
number of sessions:   2770
[  3.55354614e-01   2.18865180e-04   9.64370296e-08   1.56035131e-08
   8.85103513e-01   6.75988760e-01   3.61077188e+01   5.49670850e+00
   2.02925713e-01   5.81960875e-03   4.65837013e+04]
 UPDATED!
Files/multi_combined_results_handson2_views_tools.csv has been saved
number of sessions:   2770
[  3.48797549e-01   1.43524858e+00   1.69916902e-06   2.15934983e+00
   8.65027388e-01   3.24383022e+00   2.44833729e+00   6.82447353e+01
   2.00166544e-01   5.82562512e-03   4.65101128e+04]
 UPDATED!
Files/multi_combined_results_handson2_views_tools.csv has been saved
number of sessions:   2770
[  3.54479293e-01   3.01002652e+00   1.28869118e-06   1.42958061e-05
   8.81922163e-01   8.29106250e+00   1.60309038e-01   6.29089754e-01
   2.01065954e-01   5.81778085e-03   4.65687450e+04]
 UPDATED!
Files/multi_combined_results_handson2_views_tools.csv has been saved
number of sessions:   2770
[False, False, False]
 UPDATED!
Files/multi_combined_results_handson2_views_tools.csv has been saved
number of sessions:   2770
[  3.55754398e-01   3.14288730e+00   1.91178934e-11   9.94906202e-05
   8.85399884e-01   8.70982518e+00   1.19544179e-02   3.35188685e-02
   2.01135127e-01   5.81268452e-03   4.65717789e+04]
 UPDATED!
Files/multi_combined_results_handson2_views_tools.csv has been saved
number of sessions:   2770
[False, False, False]
 UPDATED!
Files/multi_combined_results_handson2_views_tools.csv has been saved
number of sessions:   2770
[False, False, False]
 UPDATED!
Files/multi_combined_results_handson2_views_tools.csv has been saved
number of sessions:   2770
[  3.55163581e-01   3.12727308e+00   2.43839452e-11   6.63106204e-02
   8.83366628e-01   8.62616557e+00   3.23795889e-02   1.47171673e+01
   2.01072483e-01   5.81868016e-saved
number of sessions:   1812
[False, False, False]
 UPDATED!
Files/multi_combined_results_demo_views_comments.csv has been saved
number of sessions:   1812
[  2.66915298e-08   4.33442158e-01   1.31897579e-08   4.38092327e-01
   2.97406387e+00   9.39833260e-01   9.74252176e+00   9.47885432e-01
   2.51267025e-01   2.50858965e-01   2.89377662e+04]
 UPDATED!
Files/multi_combined_results_demo_views_comments.csv has been saved
number of sessions:   1812
[  4.38162153e-01   2.15123308e-06   2.58631940e-04   4.37297604e-01
   9.47915036e-01   1.36206657e+01   3.26264841e+00   9.45948175e-01
   2.50933473e-01   2.50778760e-01   2.89293225e+04]
 UPDATED!
Files/multi_combined_results_demo_views_comments.csv has been saved
number of sessions:   1812
[  3.67858587e-02   3.94803654e-01   9.23995265e-09   4.36955537e-01
   9.01183741e-01   9.37847370e-01   1.07809990e-01   9.45073561e-01
   2.51012227e-01   2.50746177e-01   2.91991860e+04]
 UPDATED!
Files/multi_combined_results_demo_views_comments.csv has been saved
number of sessions:   1812
[False, False, False]
 UPDATED!
Files/multi_combined_results_demo_views_comments.csv has been saved
[  4.38089165e-01   1.92016665e-09   5.78926172e-10   4.38130666e-01
   9.48202560e-01   6.07197813e-03   9.85520735e-02   9.48005243e-01
   2.50987541e-01   2.50911402e-01   2.89270687e+04]
Files/in_sess_multi_combined_demo_views_comments.csv has been saved
number of sessions:   2770
[False, False, False]
 UPDATED!
Files/multi_combined_results_handson2_views_comments.csv has been saved
number of sessions:   2770
[  3.54972621e-01   9.96471864e-01   7.20606076e-04   1.65392886e-01
   8.84826728e-01   1.00404551e+02   4.59510473e-02   5.11852251e+01
   2.02961264e-01   2.86433993e-03   4.64252921e+04]
 UPDATED!
Files/multi_combined_results_handson2_views_comments.csv has been saved
number of sessions:   2770
[  3.52369984e-01   2.15810516e-02   2.08334003e-04   7.96072606e-02
   8.82512209e-01   3.31202250e-02   2.09368835e-02   5.49275040e+00
   2.01988423e-01   3.96907855e-03   4.64504457e+04]
 UPDATED!
Files/multi_combined_results_handson2_views_comments.csv has been saved
number of sessions:   2770
[  3.52050776e-01   1.64082395e+00   9.64806074e-04   4.45853996e-05
   8.85712612e-01   1.84477708e+00   7.01430081e-02   4.25951983e-02
   2.00227324e-01   2.79017850e-03   4.62851154e+04]
 UPDATED!
Files/multi_combined_results_handson2_views_comments.csv has been saved
number of sessions:   2770
[False, False, False]
 UPDATED!
Files/multi_combined_results_handson2_views_comments.csv has been saved
number of sessions:   2770
[False, False, False]
 UPDATED!
Files/multi_combined_results_handson2_views_comments.csv has been saved
number of sessions:   2770
[  3.52272148e-01   1.30337284e+00   2.51975197e-08   1.64927847e+00
   8.87874954e-01   1.48485533e+00   1.54171102e+00   4.90014202e+01
   2.00266892e-01   5.01910117e-03   4.60859425e+04]
 UPDATED!
Files/multi_combined_results_handson2_views_comments.csv has been saved
number of sessions:   2770
[  3.70749498e-01   3.42475317e+00   2.07479683e-06   2.32068543e-02
   9.46876866e-01   3.36636350e+00   3.27674297e+00   3.10648102e+00
   2.01690286e-01   4.97109960e-03   4.64040224e+04]
 UPDATED!
Files/multi_combined_results_handson2_views_comments.csv has been saved
number of sessions:   2770
[False, False, False]
 UPDATED!
Files/multi_combined_results_handson2_views_comments.csv has been saved
number of sessions:   2770
[False, False, False]
 UPDATED!
Files/multi_combined_results_handson2_views_comments.csv has been saved
number of sessions:   2770
[False, False, False]
 UPDATED!
Files/multi_combined_results_handson2_views_comments.csv has been saved
number of sessions:   2770
[  3.67627719e-01   2.35767961e+00   9.05306223e-04   1.27343012e-01
   9.27133637e-01   2.67888915e+00   8.72267767e-02   4.92036537e-01
   2.01022538e-01   2.46129148e-03   4.59324173e+04]
 UPDATED!
Files/multi_combined_results_handson2_views_comments.csv has been saved
number of sessions:   2770
[  3.53424750e-01   1.39465977e+00   1.57039034e-10   4.56633977e-02
   8.9003   4.65689903e+04]
 UPDATED!
Files/multi_combined_results_handson2_views_tools.csv has been saved
number of sessions:   2770
[  3.55203728e-01   3.19577157e+00   1.21699463e-10   1.80772946e-09
   8.83599503e-01   8.93357432e+00   2.07612863e+00   1.51408929e-01
   2.01104256e-01   5.81834500e-03   4.65716191e+04]
 UPDATED!
Files/multi_combined_results_handson2_views_tools.csv has been saved
number of sessions:   2770
[False, False, False]
 UPDATED!
Files/multi_combined_results_handson2_views_tools.csv has been saved
number of sessions:   2770
[  3.54119542e-01   5.94160696e-01   1.97734354e-08   7.67929390e-04
   8.80781375e-01   9.56836899e-01   3.59086373e-02   5.20071413e+01
   2.00056471e-01   5.80267520e-03   4.64801005e+04]
 UPDATED!
Files/multi_combined_results_handson2_views_tools.csv has been saved
[  3.54119542e-01   5.94160696e-01   1.97734354e-08   7.67929390e-04
   8.80781375e-01   9.56836899e-01   3.59086373e-02   5.20071413e+01
   2.00056471e-01   5.80267520e-03   4.64801005e+04]
Files/in_sess_multi_combined_handson2_views_tools.csv has been saved
